[1148:5772:1219/181818.377:WARNING:chrome_main_delegate.cc(667)] This is Chrome version 120.0.6099.110 (not a warning)
[1148:5772:1219/181818.510:INFO:policy_logger.cc(144)] :components\enterprise\browser\controller\chrome_browser_cloud_management_controller.cc(168) Starting CBCM Controller Initialization
[1148:5772:1219/181818.510:INFO:policy_logger.cc(144)] :components\enterprise\browser\controller\chrome_browser_cloud_management_controller.cc(196) No machine level policy manager exists.
[1148:5772:1219/181823.151:INFO:CONSOLE(47956)] "Uncaught ReferenceError: googletag is not defined", source: https://www.timesjobs.com/candidate/job-search.html?searchType=personalizedSearch&from=submit&txtKeywords=&txtLocation=India (47956)
[1148:5772:1219/181823.152:INFO:CONSOLE(47966)] "Uncaught ReferenceError: googletag is not defined", source: https://www.timesjobs.com/candidate/job-search.html?searchType=personalizedSearch&from=submit&txtKeywords=&txtLocation=India (47966)
[1148:5772:1219/181823.366:INFO:CONSOLE(48464)] "Uncaught SyntaxError: Unexpected string", source: https://www.timesjobs.com/candidate/job-search.html?searchType=personalizedSearch&from=submit&txtKeywords=&txtLocation=India (48464)
[1148:5772:1219/181823.716:INFO:CONSOLE(156)] "[FB]calling doAttentionReceivedAction", source: https://static.timesjobs.com/newtj_js/scripts/tj_scripts/fb_auto_connect.js?v=7.1.7 (156)
[1148:5772:1219/181823.924:INFO:CONSOLE(47850)] "get the token Success complete", source: https://www.timesjobs.com/candidate/job-search.html?searchType=personalizedSearch&from=submit&txtKeywords=&txtLocation=India (47850)
[1148:5772:1219/181824.598:INFO:CONSOLE(159)] "[FB]in doAttentionReceivedAction -- found", source: https://static.timesjobs.com/newtj_js/scripts/tj_scripts/fb_auto_connect.js?v=7.1.7 (159)
[1148:5772:1219/181824.822:INFO:CONSOLE(0)] "[DOM] Input elements should have autocomplete attributes (suggested: "current-password"): (More info: https://goo.gl/9p2vKq) %o", source: https://www.timesjobs.com/candidate/job-search.html?searchType=personalizedSearch&from=submit&txtKeywords=&txtLocation=India (0)
[1148:5772:1219/181824.953:INFO:CONSOLE(24)] "[Meta Pixel] - Duplicate Pixel ID: 1263998740408550.", source: https://connect.facebook.net/en_US/fbevents.js (24)
[1148:5772:1219/181826.452:INFO:CONSOLE(47161)] "searchNameType==", source: https://www.timesjobs.com/candidate/job-search.html?searchType=personalizedSearch&from=submit&txtKeywords=&txtLocation=India (47161)
[1148:5772:1219/181826.453:INFO:CONSOLE(47163)] "resultCounts==51668", source: https://www.timesjobs.com/candidate/job-search.html?searchType=personalizedSearch&from=submit&txtKeywords=&txtLocation=India (47163)
[1148:5772:1219/181827.220:INFO:CONSOLE(48840)] "beforeSend... updateFraudBannerStatus", source: https://www.timesjobs.com/candidate/job-search.html?searchType=personalizedSearch&from=submit&txtKeywords=&txtLocation=India (48840)
[1148:5772:1219/181827.229:INFO:CONSOLE(1)] "call for recent searches", source: https://static.timesjobs.com/newtj_js/scripts/groupJs/searchResultTempGroup.js?v=7.1.7 (1)
[1148:5772:1219/181827.249:INFO:CONSOLE(2)] "Error while fetching agent's availability status", source: https://d36mpcpuzc4ztk.cloudfront.net/js/visitor.js (2)
[1148:5772:1219/181827.251:INFO:CONSOLE(169)] "[FB]should call check cookie state...", source: https://static.timesjobs.com/newtj_js/scripts/tj_scripts/fb_auto_connect.js?v=7.1.7 (169)
[1148:5772:1219/181827.256:INFO:CONSOLE(351)] "[FB]statusChangeCallback:[object Object]", source: https://static.timesjobs.com/newtj_js/scripts/tj_scripts/fb_auto_connect.js?v=7.1.7 (351)
[1148:5772:1219/181827.261:INFO:CONSOLE(381)] "[FB] cancelled_fbconnect_bar: null", source: https://static.timesjobs.com/newtj_js/scripts/tj_scripts/fb_auto_connect.js?v=7.1.7 (381)
[1148:5772:1219/181827.267:INFO:CONSOLE(442)] "[tracking_fbAutoLogin]: mode:1, module:fb_auto_login_TOTAL", source: https://static.timesjobs.com/newtj_js/scripts/tj_scripts/fb_auto_connect.js?v=7.1.7 (442)
[1148:5772:1219/181827.267:INFO:CONSOLE(372)] "[FB]user not logged in FB.", source: https://static.timesjobs.com/newtj_js/scripts/tj_scripts/fb_auto_connect.js?v=7.1.7 (372)
[1148:5772:1219/181827.269:INFO:CONSOLE(381)] "[FB] cancelled_fbconnect_bar: null", source: https://static.timesjobs.com/newtj_js/scripts/tj_scripts/fb_auto_connect.js?v=7.1.7 (381)
[1148:5772:1219/181827.277:INFO:CONSOLE(442)] "[tracking_fbAutoLogin]: mode:4, module:fb_auto_login_TAB_SELECTION_NOT_LOGGEDIN", source: https://static.timesjobs.com/newtj_js/scripts/tj_scripts/fb_auto_connect.js?v=7.1.7 (442)
[1148:5772:1219/181827.354:INFO:CONSOLE(10)] "[GPT] Attempted to load GPT multiple times.", source: https://securepubads.g.doubleclick.net/pagead/managed/js/gpt/m202312060101/pubads_impl.js (10)
[1148:5772:1219/181827.677:INFO:CONSOLE(48843)] "updateFraudBannerStatus loaded successfully :  [object Object]", source: https://www.timesjobs.com/candidate/job-search.html?searchType=personalizedSearch&from=submit&txtKeywords=&txtLocation=India (48843)
[1148:5772:1219/181827.677:INFO:CONSOLE(48844)] "jsonResp :  [object Object]", source: https://www.timesjobs.com/candidate/job-search.html?searchType=personalizedSearch&from=submit&txtKeywords=&txtLocation=India (48844)
[1148:5772:1219/181827.684:INFO:CONSOLE(279)] "[FB]in fbAsyncInit -- found", source: https://static.timesjobs.com/newtj_js/scripts/tj_scripts/fb_auto_connect.js?v=7.1.7 (279)
[1148:5772:1219/181827.685:INFO:CONSOLE(282)] "[FB]calling window.fbAsyncInit();", source: https://static.timesjobs.com/newtj_js/scripts/tj_scripts/fb_auto_connect.js?v=7.1.7 (282)
[1148:5772:1219/181827.697:INFO:CONSOLE(279)] "[FB]in fbAsyncInit -- found", source: https://static.timesjobs.com/newtj_js/scripts/tj_scripts/fb_auto_connect.js?v=7.1.7 (279)
[1148:5772:1219/181827.697:INFO:CONSOLE(316)] "[FB]not calling window.fbAsyncInit();", source: https://static.timesjobs.com/newtj_js/scripts/tj_scripts/fb_auto_connect.js?v=7.1.7 (316)
[1148:5772:1219/181827.919:INFO:CONSOLE(1)] "Failed to execute 'write' on 'Document': It isn't possible to write into a document from an asynchronously-loaded external script unless it is explicitly opened.", source: https://ceoconnect.in/feedback/scripts/feedbackInc.js (1)
[1148:5772:1219/181827.919:INFO:CONSOLE(1)] "Failed to execute 'write' on 'Document': It isn't possible to write into a document from an asynchronously-loaded external script unless it is explicitly opened.", source: https://ceoconnect.in/feedback/scripts/feedbackInc.js (1)
[1148:5772:1219/181827.920:INFO:CONSOLE(1)] "Failed to execute 'write' on 'Document': It isn't possible to write into a document from an asynchronously-loaded external script unless it is explicitly opened.", source: https://ceoconnect.in/feedback/scripts/feedbackInc.js (1)
[1148:5772:1219/181827.920:INFO:CONSOLE(1)] "Failed to execute 'write' on 'Document': It isn't possible to write into a document from an asynchronously-loaded external script unless it is explicitly opened.", source: https://ceoconnect.in/feedback/scripts/feedbackInc.js (1)
[1148:5772:1219/181827.920:INFO:CONSOLE(1)] "Failed to execute 'write' on 'Document': It isn't possible to write into a document from an asynchronously-loaded external script unless it is explicitly opened.", source: https://ceoconnect.in/feedback/scripts/feedbackInc.js (1)
[1148:5772:1219/181827.920:INFO:CONSOLE(1)] "Failed to execute 'write' on 'Document': It isn't possible to write into a document from an asynchronously-loaded external script unless it is explicitly opened.", source: https://ceoconnect.in/feedback/scripts/feedbackInc.js (1)
[1148:5772:1219/181827.920:INFO:CONSOLE(1)] "Failed to execute 'write' on 'Document': It isn't possible to write into a document from an asynchronously-loaded external script unless it is explicitly opened.", source: https://ceoconnect.in/feedback/scripts/feedbackInc.js (1)
[1148:5772:1219/181827.920:INFO:CONSOLE(1)] "Failed to execute 'write' on 'Document': It isn't possible to write into a document from an asynchronously-loaded external script unless it is explicitly opened.", source: https://ceoconnect.in/feedback/scripts/feedbackInc.js (1)
[1148:5772:1219/181827.920:INFO:CONSOLE(1)] "Failed to execute 'write' on 'Document': It isn't possible to write into a document from an asynchronously-loaded external script unless it is explicitly opened.", source: https://ceoconnect.in/feedback/scripts/feedbackInc.js (1)
[1148:5772:1219/181827.920:INFO:CONSOLE(1)] "Failed to execute 'write' on 'Document': It isn't possible to write into a document from an asynchronously-loaded external script unless it is explicitly opened.", source: https://ceoconnect.in/feedback/scripts/feedbackInc.js (1)
[1148:5772:1219/181827.923:INFO:CONSOLE(10)] "[GPT] Using deprecated googletag.encryptedSignalProviders. Please use googletag.secureSignalProviders instead.", source: https://securepubads.g.doubleclick.net/pagead/managed/js/gpt/m202312060101/pubads_impl.js (10)
[1148:5772:1219/181827.964:INFO:CONSOLE(10)] "[GPT] Using deprecated googletag.encryptedSignalProviders. Please use googletag.secureSignalProviders instead.", source: https://securepubads.g.doubleclick.net/pagead/managed/js/gpt/m202312060101/pubads_impl.js (10)
[1148:5772:1219/181827.993:INFO:CONSOLE(10)] "[GPT] Using deprecated googletag.encryptedSignalProviders. Please use googletag.secureSignalProviders instead.", source: https://securepubads.g.doubleclick.net/pagead/managed/js/gpt/m202312060101/pubads_impl.js (10)
[1148:5772:1219/181828.015:INFO:CONSOLE(10)] "[GPT] Using deprecated googletag.encryptedSignalProviders. Please use googletag.secureSignalProviders instead.", source: https://securepubads.g.doubleclick.net/pagead/managed/js/gpt/m202312060101/pubads_impl.js (10)
[1148:5772:1219/181828.063:INFO:CONSOLE(10)] "[GPT] Using deprecated googletag.encryptedSignalProviders. Please use googletag.secureSignalProviders instead.", source: https://securepubads.g.doubleclick.net/pagead/managed/js/gpt/m202312060101/pubads_impl.js (10)
[1148:5772:1219/181828.126:INFO:CONSOLE(1)] "33Across Lexicon ID Mappings Provider: PID not found", source: https://cdn-ima.33across.com/ob.js (1)
[1148:5772:1219/181828.185:INFO:CONSOLE(271)] "The following CSA option(s) were ignored due to being overridden by native style controls: titleBold,fontSizeTitle,colorBackground,colorTitleLink,colorText", source: https://www.google.com/adsense/search/async-ads.js (271)
[1148:5772:1219/181828.185:INFO:CONSOLE(272)] "The following CSA option(s) are unsupported: channelId,clientId,fontSizeDescription,fontSizeDomainLink,rightHandAttribution,longerHeadlines,colorDomainLink,lines", source: https://www.google.com/adsense/search/async-ads.js (272)
[1148:5772:1219/181828.614:INFO:CONSOLE(10)] "[GPT] Using deprecated googletag.encryptedSignalProviders. Please use googletag.secureSignalProviders instead.", source: https://securepubads.g.doubleclick.net/pagead/managed/js/gpt/m202312060101/pubads_impl.js (10)
[1148:5772:1219/181831.713:INFO:CONSOLE(1237)] " .......... txtKeywords__ : java", source: https://www.timesjobs.com/candidate/job-search.html?searchType=personalizedSearch&from=submit&txtKeywords=&txtLocation=India (1237)
[1148:5772:1219/181831.714:INFO:CONSOLE(1238)] " .......... searchTextText__ : ", source: https://www.timesjobs.com/candidate/job-search.html?searchType=personalizedSearch&from=submit&txtKeywords=&txtLocation=India (1238)
[1148:5772:1219/181831.804:INFO:CONSOLE(1203)] "Uncaught ReferenceError: setAClickOnSearch is not defined", source: https://www.timesjobs.com/candidate/job-search.html?searchType=personalizedSearch&from=submit&txtKeywords=&txtLocation=India (1203)
[1148:4000:1219/181833.492:WARNING:page_discarding_helper.cc(126)] Discarding multiple pages with target (kb): 0
[1148:5772:1219/181833.560:INFO:CONSOLE(42975)] "beforeSend... skill gap", source: https://www.timesjobs.com/candidate/job-search.html?searchType=personalizedSearch&from=submit&searchTextSrc=ft&searchTextText=&txtKeywords=java&txtLocation=India (42975)
[1148:5772:1219/181833.564:INFO:CONSOLE(43087)] "beforeSend... get related skills based on skill", source: https://www.timesjobs.com/candidate/job-search.html?searchType=personalizedSearch&from=submit&searchTextSrc=ft&searchTextText=&txtKeywords=java&txtLocation=India (43087)
[1148:5772:1219/181834.682:INFO:CONSOLE(43129)] "complete... get related skills based on skill", source: https://www.timesjobs.com/candidate/job-search.html?searchType=personalizedSearch&from=submit&searchTextSrc=ft&searchTextText=&txtKeywords=java&txtLocation=India (43129)
[1148:5772:1219/181834.837:INFO:CONSOLE(43006)] "complete... skill gap", source: https://www.timesjobs.com/candidate/job-search.html?searchType=personalizedSearch&from=submit&searchTextSrc=ft&searchTextText=&txtKeywords=java&txtLocation=India (43006)
[1148:5772:1219/181834.843:INFO:CONSOLE(43160)] "related designation", source: https://www.timesjobs.com/candidate/job-search.html?searchType=personalizedSearch&from=submit&searchTextSrc=ft&searchTextText=&txtKeywords=java&txtLocation=India (43160)
[1148:5772:1219/181834.844:INFO:CONSOLE(43163)] "beforeSend... get related designation based on skill", source: https://www.timesjobs.com/candidate/job-search.html?searchType=personalizedSearch&from=submit&searchTextSrc=ft&searchTextText=&txtKeywords=java&txtLocation=India (43163)
[1148:5772:1219/181835.485:INFO:CONSOLE(43170)] "getRetaledDesignation widget called....", source: https://www.timesjobs.com/candidate/job-search.html?searchType=personalizedSearch&from=submit&searchTextSrc=ft&searchTextText=&txtKeywords=java&txtLocation=India (43170)
[1148:5772:1219/181835.629:INFO:CONSOLE(2)] "Error while fetching agent's availability status", source: https://d36mpcpuzc4ztk.cloudfront.net/js/visitor.js (2)
[1148:5772:1219/181835.635:INFO:CONSOLE(43567)] "Uncaught ReferenceError: googletag is not defined", source: https://www.timesjobs.com/candidate/job-search.html?searchType=personalizedSearch&from=submit&searchTextSrc=ft&searchTextText=&txtKeywords=java&txtLocation=India (43567)
[1148:5772:1219/181835.636:INFO:CONSOLE(43577)] "Uncaught ReferenceError: googletag is not defined", source: https://www.timesjobs.com/candidate/job-search.html?searchType=personalizedSearch&from=submit&searchTextSrc=ft&searchTextText=&txtKeywords=java&txtLocation=India (43577)
[1148:5772:1219/181835.713:INFO:CONSOLE(44075)] "Uncaught SyntaxError: Unexpected string", source: https://www.timesjobs.com/candidate/job-search.html?searchType=personalizedSearch&from=submit&searchTextSrc=ft&searchTextText=&txtKeywords=java&txtLocation=India (44075)
[1148:5772:1219/181835.924:INFO:CONSOLE(156)] "[FB]calling doAttentionReceivedAction", source: https://static.timesjobs.com/newtj_js/scripts/tj_scripts/fb_auto_connect.js?v=7.1.7 (156)
[1148:5772:1219/181836.971:INFO:CONSOLE(0)] "[DOM] Input elements should have autocomplete attributes (suggested: "current-password"): (More info: https://goo.gl/9p2vKq) %o", source: https://www.timesjobs.com/candidate/job-search.html?searchType=personalizedSearch&from=submit&searchTextSrc=ft&searchTextText=&txtKeywords=java&txtLocation=India (0)
[1148:5772:1219/181837.042:INFO:CONSOLE(24)] "[Meta Pixel] - Duplicate Pixel ID: 1263998740408550.", source: https://connect.facebook.net/en_US/fbevents.js (24)
[1148:7764:1219/181838.501:WARNING:page_discarding_helper.cc(126)] Discarding multiple pages with target (kb): 0
[1148:5772:1219/181838.535:INFO:CONSOLE(42468)] "searchNameType==", source: https://www.timesjobs.com/candidate/job-search.html?searchType=personalizedSearch&from=submit&searchTextSrc=ft&searchTextText=&txtKeywords=java&txtLocation=India (42468)
[1148:5772:1219/181838.535:INFO:CONSOLE(42470)] "resultCounts==3165", source: https://www.timesjobs.com/candidate/job-search.html?searchType=personalizedSearch&from=submit&searchTextSrc=ft&searchTextText=&txtKeywords=java&txtLocation=India (42470)
[1148:5772:1219/181839.606:INFO:CONSOLE(44451)] "beforeSend... updateFraudBannerStatus", source: https://www.timesjobs.com/candidate/job-search.html?searchType=personalizedSearch&from=submit&searchTextSrc=ft&searchTextText=&txtKeywords=java&txtLocation=India (44451)
[1148:5772:1219/181839.610:INFO:CONSOLE(1)] "call for recent searches", source: https://static.timesjobs.com/newtj_js/scripts/groupJs/searchResultTempGroup.js?v=7.1.7 (1)
[1148:5772:1219/181839.742:INFO:CONSOLE(43461)] "get the token Success complete", source: https://www.timesjobs.com/candidate/job-search.html?searchType=personalizedSearch&from=submit&searchTextSrc=ft&searchTextText=&txtKeywords=java&txtLocation=India (43461)
[1148:5772:1219/181839.784:INFO:CONSOLE(10)] "[GPT] Attempted to load GPT multiple times.", source: https://securepubads.g.doubleclick.net/pagead/managed/js/gpt/m202312060101/pubads_impl.js (10)
[1148:5772:1219/181839.785:INFO:CONSOLE(159)] "[FB]in doAttentionReceivedAction -- found", source: https://static.timesjobs.com/newtj_js/scripts/tj_scripts/fb_auto_connect.js?v=7.1.7 (159)
[1148:5772:1219/181839.899:INFO:CONSOLE(10)] "[GPT] Using deprecated googletag.encryptedSignalProviders. Please use googletag.secureSignalProviders instead.", source: https://securepubads.g.doubleclick.net/pagead/managed/js/gpt/m202312060101/pubads_impl.js (10)
[1148:5772:1219/181839.903:INFO:CONSOLE(10)] "[GPT] Using deprecated googletag.encryptedSignalProviders. Please use googletag.secureSignalProviders instead.", source: https://securepubads.g.doubleclick.net/pagead/managed/js/gpt/m202312060101/pubads_impl.js (10)
[1148:5772:1219/181839.912:INFO:CONSOLE(10)] "[GPT] Using deprecated googletag.encryptedSignalProviders. Please use googletag.secureSignalProviders instead.", source: https://securepubads.g.doubleclick.net/pagead/managed/js/gpt/m202312060101/pubads_impl.js (10)
[1148:5772:1219/181840.248:INFO:CONSOLE(271)] "The following CSA option(s) were ignored due to being overridden by native style controls: titleBold,fontSizeTitle,colorBackground,colorTitleLink,colorText", source: https://www.google.com/adsense/search/async-ads.js (271)
[1148:5772:1219/181840.248:INFO:CONSOLE(272)] "The following CSA option(s) are unsupported: channelId,clientId,fontSizeDescription,fontSizeDomainLink,rightHandAttribution,longerHeadlines,colorDomainLink,lines", source: https://www.google.com/adsense/search/async-ads.js (272)
[1148:5772:1219/181840.858:INFO:CONSOLE(1)] "Failed to execute 'write' on 'Document': It isn't possible to write into a document from an asynchronously-loaded external script unless it is explicitly opened.", source: https://ceoconnect.in/feedback/scripts/feedbackInc.js (1)
[1148:5772:1219/181840.858:INFO:CONSOLE(1)] "Failed to execute 'write' on 'Document': It isn't possible to write into a document from an asynchronously-loaded external script unless it is explicitly opened.", source: https://ceoconnect.in/feedback/scripts/feedbackInc.js (1)
[1148:5772:1219/181840.858:INFO:CONSOLE(1)] "Failed to execute 'write' on 'Document': It isn't possible to write into a document from an asynchronously-loaded external script unless it is explicitly opened.", source: https://ceoconnect.in/feedback/scripts/feedbackInc.js (1)
[1148:5772:1219/181840.858:INFO:CONSOLE(1)] "Failed to execute 'write' on 'Document': It isn't possible to write into a document from an asynchronously-loaded external script unless it is explicitly opened.", source: https://ceoconnect.in/feedback/scripts/feedbackInc.js (1)
[1148:5772:1219/181840.858:INFO:CONSOLE(1)] "Failed to execute 'write' on 'Document': It isn't possible to write into a document from an asynchronously-loaded external script unless it is explicitly opened.", source: https://ceoconnect.in/feedback/scripts/feedbackInc.js (1)
[1148:5772:1219/181840.858:INFO:CONSOLE(1)] "Failed to execute 'write' on 'Document': It isn't possible to write into a document from an asynchronously-loaded external script unless it is explicitly opened.", source: https://ceoconnect.in/feedback/scripts/feedbackInc.js (1)
[1148:5772:1219/181840.858:INFO:CONSOLE(1)] "Failed to execute 'write' on 'Document': It isn't possible to write into a document from an asynchronously-loaded external script unless it is explicitly opened.", source: https://ceoconnect.in/feedback/scripts/feedbackInc.js (1)
[1148:5772:1219/181840.858:INFO:CONSOLE(1)] "Failed to execute 'write' on 'Document': It isn't possible to write into a document from an asynchronously-loaded external script unless it is explicitly opened.", source: https://ceoconnect.in/feedback/scripts/feedbackInc.js (1)
[1148:5772:1219/181840.860:INFO:CONSOLE(1)] "Failed to execute 'write' on 'Document': It isn't possible to write into a document from an asynchronously-loaded external script unless it is explicitly opened.", source: https://ceoconnect.in/feedback/scripts/feedbackInc.js (1)
[1148:5772:1219/181840.860:INFO:CONSOLE(1)] "Failed to execute 'write' on 'Document': It isn't possible to write into a document from an asynchronously-loaded external script unless it is explicitly opened.", source: https://ceoconnect.in/feedback/scripts/feedbackInc.js (1)
[1148:5772:1219/181840.967:INFO:CONSOLE(169)] "[FB]should call check cookie state...", source: https://static.timesjobs.com/newtj_js/scripts/tj_scripts/fb_auto_connect.js?v=7.1.7 (169)
[1148:5772:1219/181840.970:INFO:CONSOLE(351)] "[FB]statusChangeCallback:[object Object]", source: https://static.timesjobs.com/newtj_js/scripts/tj_scripts/fb_auto_connect.js?v=7.1.7 (351)
[1148:5772:1219/181840.971:INFO:CONSOLE(381)] "[FB] cancelled_fbconnect_bar: null", source: https://static.timesjobs.com/newtj_js/scripts/tj_scripts/fb_auto_connect.js?v=7.1.7 (381)
[1148:5772:1219/181841.032:INFO:CONSOLE(442)] "[tracking_fbAutoLogin]: mode:1, module:fb_auto_login_TOTAL", source: https://static.timesjobs.com/newtj_js/scripts/tj_scripts/fb_auto_connect.js?v=7.1.7 (442)
[1148:5772:1219/181841.033:INFO:CONSOLE(372)] "[FB]user not logged in FB.", source: https://static.timesjobs.com/newtj_js/scripts/tj_scripts/fb_auto_connect.js?v=7.1.7 (372)
[1148:5772:1219/181841.034:INFO:CONSOLE(381)] "[FB] cancelled_fbconnect_bar: null", source: https://static.timesjobs.com/newtj_js/scripts/tj_scripts/fb_auto_connect.js?v=7.1.7 (381)
[1148:5772:1219/181841.102:INFO:CONSOLE(442)] "[tracking_fbAutoLogin]: mode:4, module:fb_auto_login_TAB_SELECTION_NOT_LOGGEDIN", source: https://static.timesjobs.com/newtj_js/scripts/tj_scripts/fb_auto_connect.js?v=7.1.7 (442)
[1148:5772:1219/181841.108:INFO:CONSOLE(44454)] "updateFraudBannerStatus loaded successfully :  [object Object]", source: https://www.timesjobs.com/candidate/job-search.html?searchType=personalizedSearch&from=submit&searchTextSrc=ft&searchTextText=&txtKeywords=java&txtLocation=India (44454)
[1148:5772:1219/181841.108:INFO:CONSOLE(44455)] "jsonResp :  [object Object]", source: https://www.timesjobs.com/candidate/job-search.html?searchType=personalizedSearch&from=submit&searchTextSrc=ft&searchTextText=&txtKeywords=java&txtLocation=India (44455)
[1148:5772:1219/181841.125:INFO:CONSOLE(279)] "[FB]in fbAsyncInit -- found", source: https://static.timesjobs.com/newtj_js/scripts/tj_scripts/fb_auto_connect.js?v=7.1.7 (279)
[1148:5772:1219/181841.125:INFO:CONSOLE(282)] "[FB]calling window.fbAsyncInit();", source: https://static.timesjobs.com/newtj_js/scripts/tj_scripts/fb_auto_connect.js?v=7.1.7 (282)
[1148:5772:1219/181841.130:INFO:CONSOLE(279)] "[FB]in fbAsyncInit -- found", source: https://static.timesjobs.com/newtj_js/scripts/tj_scripts/fb_auto_connect.js?v=7.1.7 (279)
[1148:5772:1219/181841.131:INFO:CONSOLE(316)] "[FB]not calling window.fbAsyncInit();", source: https://static.timesjobs.com/newtj_js/scripts/tj_scripts/fb_auto_connect.js?v=7.1.7 (316)
[1148:5772:1219/181841.144:INFO:CONSOLE(1)] "33Across Lexicon ID Mappings Provider: PID not found", source: https://cdn-ima.33across.com/ob.js (1)
[1148:4476:1219/181843.504:WARNING:page_discarding_helper.cc(126)] Discarding multiple pages with target (kb): 0
