[11224:3888:1206/221230.007:WARNING:chrome_main_delegate.cc(667)] This is Chrome version 120.0.6099.63 (not a warning)
[11224:3888:1206/221230.159:INFO:policy_logger.cc(144)] :components\enterprise\browser\controller\chrome_browser_cloud_management_controller.cc(168) Starting CBCM Controller Initialization
[11224:3888:1206/221230.159:INFO:policy_logger.cc(144)] :components\enterprise\browser\controller\chrome_browser_cloud_management_controller.cc(196) No machine level policy manager exists.
[11224:5008:1206/221250.139:WARNING:page_discarding_helper.cc(126)] Discarding multiple pages with target (kb): 0
[11224:3888:1206/221250.259:INFO:CONSOLE(351)] "%c << query #5 %ccontactPrompt.getContactPrompt%c %O 
    background-color: #3fb0d8; 
    color: white;
    padding: 2px;
   
    background-color: #3fb0d8; 
    color: white;
    padding: 2px;
  ; font-weight: bold; 
    background-color: #3fb0d8; 
    color: white;
    padding: 2px;
  ; font-weight: normal; [object Object]", source: https://flowgpt.com/_next/static/chunks/pages/_app-99b4efa1d9837acb.js (351)
[11224:3888:1206/221250.269:INFO:CONSOLE(351)] "%c << query #6 %cuser.getUserLatestConversationOfPrompt%c %O 
    background-color: #3fb0d8; 
    color: white;
    padding: 2px;
   
    background-color: #3fb0d8; 
    color: white;
    padding: 2px;
  ; font-weight: bold; 
    background-color: #3fb0d8; 
    color: white;
    padding: 2px;
  ; font-weight: normal; [object Object]", source: https://flowgpt.com/_next/static/chunks/pages/_app-99b4efa1d9837acb.js (351)
[11224:3888:1206/221251.505:WARNING:download_manager_impl.cc(708)] A download with the same GUID already exists, the new request is ignored.
[11224:3888:1206/221301.697:WARNING:download_manager_impl.cc(708)] A download with the same GUID already exists, the new request is ignored.
[11224:3888:1206/221305.043:INFO:CONSOLE(351)] "%c << query #2 %cconversation.getUserConversationsByPromptId%c %O 
    background-color: #3fb0d8; 
    color: white;
    padding: 2px;
   
    background-color: #3fb0d8; 
    color: white;
    padding: 2px;
  ; font-weight: bold; 
    background-color: #3fb0d8; 
    color: white;
    padding: 2px;
  ; font-weight: normal; [object Object]", source: https://flowgpt.com/_next/static/chunks/pages/_app-99b4efa1d9837acb.js (351)
[11224:3888:1206/221306.963:INFO:CONSOLE(351)] "%c << query #11 %ccontactPrompt.getContactPrompt%c %O 
    background-color: #3fb0d8; 
    color: white;
    padding: 2px;
   
    background-color: #3fb0d8; 
    color: white;
    padding: 2px;
  ; font-weight: bold; 
    background-color: #3fb0d8; 
    color: white;
    padding: 2px;
  ; font-weight: normal; [object Object]", source: https://flowgpt.com/_next/static/chunks/pages/_app-99b4efa1d9837acb.js (351)
[11224:3888:1206/221307.043:INFO:CONSOLE(351)] "%c << query #12 %cuser.getUserLatestConversationOfPrompt%c %O 
    background-color: #3fb0d8; 
    color: white;
    padding: 2px;
   
    background-color: #3fb0d8; 
    color: white;
    padding: 2px;
  ; font-weight: bold; 
    background-color: #3fb0d8; 
    color: white;
    padding: 2px;
  ; font-weight: normal; [object Object]", source: https://flowgpt.com/_next/static/chunks/pages/_app-99b4efa1d9837acb.js (351)
[11224:3888:1206/221307.189:INFO:CONSOLE(351)] "%c << query #8 %cconversation.getUserConversationsByPromptId%c %O 
    background-color: #3fb0d8; 
    color: white;
    padding: 2px;
   
    background-color: #3fb0d8; 
    color: white;
    padding: 2px;
  ; font-weight: bold; 
    background-color: #3fb0d8; 
    color: white;
    padding: 2px;
  ; font-weight: normal; [object Object]", source: https://flowgpt.com/_next/static/chunks/pages/_app-99b4efa1d9837acb.js (351)
[11224:3888:1206/221344.044:WARNING:controller_impl.cc(1190)] Background download complete, client: 6, completion type: 0, file size:2746900
[11224:3888:1206/221434.975:WARNING:controller_impl.cc(1190)] Background download complete, client: 6, completion type: 1, file size:0
[11224:3888:1206/221435.280:WARNING:pref_notifier_impl.cc(41)] Pref observer for media_router.cast_allow_all_ips found at shutdown.
